[ 2018-06-27T15:32:41+08:00 ] 127.0.0.1 /index.php/Admin/Email/getCount.html
INFO: [ app_begin ] --START--
INFO: Run Behavior\ReadHtmlCacheBehavior [ RunTime:0.000540s ]
INFO: [ app_begin ] --END-- [ RunTime:0.000573s ]
SQL: SHOW COLUMNS FROM `sp_email` [ RunTime:0.0265s ]
SQL: SELECT COUNT(*) AS tp_count FROM `sp_email` WHERE ( isread = 0 and to_id =1 ) LIMIT 1   [ RunTime:0.0079s ]
INFO: [ app_end ] --START--
INFO: Run Behavior\ShowPageTraceBehavior [ RunTime:0.000593s ]
INFO: [ app_end ] --END-- [ RunTime:0.000611s ]

[ 2018-06-27T15:32:46+08:00 ] 127.0.0.1 /index.php/Admin/Email/getCount.html
INFO: [ app_begin ] --START--
INFO: Run Behavior\ReadHtmlCacheBehavior [ RunTime:0.000482s ]
INFO: [ app_begin ] --END-- [ RunTime:0.000505s ]
SQL: SHOW COLUMNS FROM `sp_email` [ RunTime:0.0010s ]
SQL: SELECT COUNT(*) AS tp_count FROM `sp_email` WHERE ( isread = 0 and to_id =1 ) LIMIT 1   [ RunTime:0.0002s ]
INFO: [ app_end ] --START--
INFO: Run Behavior\ShowPageTraceBehavior [ RunTime:0.000573s ]
INFO: [ app_end ] --END-- [ RunTime:0.000589s ]

[ 2018-06-27T15:32:51+08:00 ] 127.0.0.1 /index.php/Admin/Email/getCount.html
INFO: [ app_begin ] --START--
INFO: Run Behavior\ReadHtmlCacheBehavior [ RunTime:0.000901s ]
INFO: [ app_begin ] --END-- [ RunTime:0.000945s ]
SQL: SHOW COLUMNS FROM `sp_email` [ RunTime:0.0012s ]
SQL: SELECT COUNT(*) AS tp_count FROM `sp_email` WHERE ( isread = 0 and to_id =1 ) LIMIT 1   [ RunTime:0.0002s ]
INFO: [ app_end ] --START--
INFO: Run Behavior\ShowPageTraceBehavior [ RunTime:0.000496s ]
INFO: [ app_end ] --END-- [ RunTime:0.000514s ]

[ 2018-06-27T15:32:56+08:00 ] 127.0.0.1 /index.php/Admin/Email/getCount.html
INFO: [ app_begin ] --START--
INFO: Run Behavior\ReadHtmlCacheBehavior [ RunTime:0.000551s ]
INFO: [ app_begin ] --END-- [ RunTime:0.000578s ]
SQL: SHOW COLUMNS FROM `sp_email` [ RunTime:0.0010s ]
SQL: SELECT COUNT(*) AS tp_count FROM `sp_email` WHERE ( isread = 0 and to_id =1 ) LIMIT 1   [ RunTime:0.0002s ]
INFO: [ app_end ] --START--
INFO: Run Behavior\ShowPageTraceBehavior [ RunTime:0.000474s ]
INFO: [ app_end ] --END-- [ RunTime:0.000489s ]

[ 2018-06-27T15:33:01+08:00 ] 127.0.0.1 /index.php/Admin/Email/getCount.html
INFO: [ app_begin ] --START--
INFO: Run Behavior\ReadHtmlCacheBehavior [ RunTime:0.000468s ]
INFO: [ app_begin ] --END-- [ RunTime:0.000491s ]
SQL: SHOW COLUMNS FROM `sp_email` [ RunTime:0.0012s ]
SQL: SELECT COUNT(*) AS tp_count FROM `sp_email` WHERE ( isread = 0 and to_id =1 ) LIMIT 1   [ RunTime:0.0002s ]
INFO: [ app_end ] --START--
INFO: Run Behavior\ShowPageTraceBehavior [ RunTime:0.000611s ]
INFO: [ app_end ] --END-- [ RunTime:0.000631s ]

[ 2018-06-27T15:33:06+08:00 ] 127.0.0.1 /index.php/Admin/Email/getCount.html
INFO: [ app_begin ] --START--
INFO: Run Behavior\ReadHtmlCacheBehavior [ RunTime:0.000514s ]
INFO: [ app_begin ] --END-- [ RunTime:0.000536s ]
SQL: SHOW COLUMNS FROM `sp_email` [ RunTime:0.0012s ]
SQL: SELECT COUNT(*) AS tp_count FROM `sp_email` WHERE ( isread = 0 and to_id =1 ) LIMIT 1   [ RunTime:0.0003s ]
INFO: [ app_end ] --START--
INFO: Run Behavior\ShowPageTraceBehavior [ RunTime:0.000565s ]
INFO: [ app_end ] --END-- [ RunTime:0.000585s ]

[ 2018-06-27T15:33:11+08:00 ] 127.0.0.1 /index.php/Admin/Email/getCount.html
INFO: [ app_begin ] --START--
INFO: Run Behavior\ReadHtmlCacheBehavior [ RunTime:0.000379s ]
INFO: [ app_begin ] --END-- [ RunTime:0.000396s ]
SQL: SHOW COLUMNS FROM `sp_email` [ RunTime:0.0016s ]
SQL: SELECT COUNT(*) AS tp_count FROM `sp_email` WHERE ( isread = 0 and to_id =1 ) LIMIT 1   [ RunTime:0.0003s ]
INFO: [ app_end ] --START--
INFO: Run Behavior\ShowPageTraceBehavior [ RunTime:0.000721s ]
INFO: [ app_end ] --END-- [ RunTime:0.000760s ]

[ 2018-06-27T15:33:16+08:00 ] 127.0.0.1 /index.php/Admin/Email/getCount.html
INFO: [ app_begin ] --START--
INFO: Run Behavior\ReadHtmlCacheBehavior [ RunTime:0.000369s ]
INFO: [ app_begin ] --END-- [ RunTime:0.000385s ]
SQL: SHOW COLUMNS FROM `sp_email` [ RunTime:0.0011s ]
SQL: SELECT COUNT(*) AS tp_count FROM `sp_email` WHERE ( isread = 0 and to_id =1 ) LIMIT 1   [ RunTime:0.0002s ]
INFO: [ app_end ] --START--
INFO: Run Behavior\ShowPageTraceBehavior [ RunTime:0.000506s ]
INFO: [ app_end ] --END-- [ RunTime:0.000522s ]

[ 2018-06-27T15:33:21+08:00 ] 127.0.0.1 /index.php/Admin/Email/getCount.html
INFO: [ app_begin ] --START--
INFO: Run Behavior\ReadHtmlCacheBehavior [ RunTime:0.000894s ]
INFO: [ app_begin ] --END-- [ RunTime:0.000937s ]
SQL: SHOW COLUMNS FROM `sp_email` [ RunTime:0.0025s ]
SQL: SELECT COUNT(*) AS tp_count FROM `sp_email` WHERE ( isread = 0 and to_id =1 ) LIMIT 1   [ RunTime:0.0005s ]
INFO: [ app_end ] --START--
INFO: Run Behavior\ShowPageTraceBehavior [ RunTime:0.001229s ]
INFO: [ app_end ] --END-- [ RunTime:0.001275s ]

[ 2018-06-27T15:33:26+08:00 ] 127.0.0.1 /index.php/Admin/Email/getCount.html
INFO: [ app_begin ] --START--
INFO: Run Behavior\ReadHtmlCacheBehavior [ RunTime:0.000601s ]
INFO: [ app_begin ] --END-- [ RunTime:0.000668s ]
SQL: SHOW COLUMNS FROM `sp_email` [ RunTime:0.0011s ]
SQL: SELECT COUNT(*) AS tp_count FROM `sp_email` WHERE ( isread = 0 and to_id =1 ) LIMIT 1   [ RunTime:0.0003s ]
INFO: [ app_end ] --START--
INFO: Run Behavior\ShowPageTraceBehavior [ RunTime:0.000665s ]
INFO: [ app_end ] --END-- [ RunTime:0.000695s ]

[ 2018-06-27T15:33:31+08:00 ] 127.0.0.1 /index.php/Admin/Email/getCount.html
INFO: [ app_begin ] --START--
INFO: Run Behavior\ReadHtmlCacheBehavior [ RunTime:0.000370s ]
INFO: [ app_begin ] --END-- [ RunTime:0.000386s ]
SQL: SHOW COLUMNS FROM `sp_email` [ RunTime:0.0005s ]
SQL: SELECT COUNT(*) AS tp_count FROM `sp_email` WHERE ( isread = 0 and to_id =1 ) LIMIT 1   [ RunTime:0.0002s ]
INFO: [ app_end ] --START--
INFO: Run Behavior\ShowPageTraceBehavior [ RunTime:0.000431s ]
INFO: [ app_end ] --END-- [ RunTime:0.000445s ]

[ 2018-06-27T15:33:36+08:00 ] 127.0.0.1 /index.php/Admin/Email/getCount.html
INFO: [ app_begin ] --START--
INFO: Run Behavior\ReadHtmlCacheBehavior [ RunTime:0.001013s ]
INFO: [ app_begin ] --END-- [ RunTime:0.001059s ]
SQL: SHOW COLUMNS FROM `sp_email` [ RunTime:0.0006s ]
SQL: SELECT COUNT(*) AS tp_count FROM `sp_email` WHERE ( isread = 0 and to_id =1 ) LIMIT 1   [ RunTime:0.0002s ]
INFO: [ app_end ] --START--
INFO: Run Behavior\ShowPageTraceBehavior [ RunTime:0.000552s ]
INFO: [ app_end ] --END-- [ RunTime:0.000571s ]

[ 2018-06-27T15:33:41+08:00 ] 127.0.0.1 /index.php/Admin/Email/getCount.html
INFO: [ app_begin ] --START--
INFO: Run Behavior\ReadHtmlCacheBehavior [ RunTime:0.000425s ]
INFO: [ app_begin ] --END-- [ RunTime:0.000465s ]
SQL: SHOW COLUMNS FROM `sp_email` [ RunTime:0.0008s ]
SQL: SELECT COUNT(*) AS tp_count FROM `sp_email` WHERE ( isread = 0 and to_id =1 ) LIMIT 1   [ RunTime:0.0003s ]
INFO: [ app_end ] --START--
INFO: Run Behavior\ShowPageTraceBehavior [ RunTime:0.000745s ]
INFO: [ app_end ] --END-- [ RunTime:0.000765s ]

[ 2018-06-27T15:33:46+08:00 ] 127.0.0.1 /index.php/Admin/Email/getCount.html
INFO: [ app_begin ] --START--
INFO: Run Behavior\ReadHtmlCacheBehavior [ RunTime:0.000590s ]
INFO: [ app_begin ] --END-- [ RunTime:0.000628s ]
SQL: SHOW COLUMNS FROM `sp_email` [ RunTime:0.0006s ]
SQL: SELECT COUNT(*) AS tp_count FROM `sp_email` WHERE ( isread = 0 and to_id =1 ) LIMIT 1   [ RunTime:0.0004s ]
INFO: [ app_end ] --START--
INFO: Run Behavior\ShowPageTraceBehavior [ RunTime:0.000726s ]
INFO: [ app_end ] --END-- [ RunTime:0.000751s ]

[ 2018-06-27T15:33:51+08:00 ] 127.0.0.1 /index.php/Admin/Email/getCount.html
INFO: [ app_begin ] --START--
INFO: Run Behavior\ReadHtmlCacheBehavior [ RunTime:0.000580s ]
INFO: [ app_begin ] --END-- [ RunTime:0.000609s ]
SQL: SHOW COLUMNS FROM `sp_email` [ RunTime:0.0013s ]
SQL: SELECT COUNT(*) AS tp_count FROM `sp_email` WHERE ( isread = 0 and to_id =1 ) LIMIT 1   [ RunTime:0.0002s ]
INFO: [ app_end ] --START--
INFO: Run Behavior\ShowPageTraceBehavior [ RunTime:0.000444s ]
INFO: [ app_end ] --END-- [ RunTime:0.000461s ]

[ 2018-06-27T15:33:56+08:00 ] 127.0.0.1 /index.php/Admin/Email/getCount.html
INFO: [ app_begin ] --START--
INFO: Run Behavior\ReadHtmlCacheBehavior [ RunTime:0.000898s ]
INFO: [ app_begin ] --END-- [ RunTime:0.000942s ]
SQL: SHOW COLUMNS FROM `sp_email` [ RunTime:0.0011s ]
SQL: SELECT COUNT(*) AS tp_count FROM `sp_email` WHERE ( isread = 0 and to_id =1 ) LIMIT 1   [ RunTime:0.0002s ]
INFO: [ app_end ] --START--
INFO: Run Behavior\ShowPageTraceBehavior [ RunTime:0.000505s ]
INFO: [ app_end ] --END-- [ RunTime:0.000523s ]

[ 2018-06-27T15:34:01+08:00 ] 127.0.0.1 /index.php/Admin/Email/getCount.html
INFO: [ app_begin ] --START--
INFO: Run Behavior\ReadHtmlCacheBehavior [ RunTime:0.000797s ]
INFO: [ app_begin ] --END-- [ RunTime:0.000836s ]
SQL: SHOW COLUMNS FROM `sp_email` [ RunTime:0.0010s ]
SQL: SELECT COUNT(*) AS tp_count FROM `sp_email` WHERE ( isread = 0 and to_id =1 ) LIMIT 1   [ RunTime:0.0004s ]
INFO: [ app_end ] --START--
INFO: Run Behavior\ShowPageTraceBehavior [ RunTime:0.000921s ]
INFO: [ app_end ] --END-- [ RunTime:0.000957s ]

