[ 2018-01-13T15:02:55+08:00 ] 127.0.0.1 /admin/Test/test3
INFO: [ app_init ] --START--
INFO: Run Behavior\BuildLiteBehavior [ RunTime:0.000000s ]
INFO: [ app_init ] --END-- [ RunTime:0.001000s ]
INFO: [ app_begin ] --START--
INFO: Run Behavior\ReadHtmlCacheBehavior [ RunTime:0.002000s ]
INFO: [ app_begin ] --END-- [ RunTime:0.002000s ]
INFO: [ view_parse ] --START--
INFO: [ template_filter ] --START--
INFO: Run Behavior\ContentReplaceBehavior [ RunTime:0.002000s ]
INFO: [ template_filter ] --END-- [ RunTime:0.002000s ]
INFO: Run Behavior\ParseTemplateBehavior [ RunTime:0.021002s ]
INFO: [ view_parse ] --END-- [ RunTime:0.021002s ]
INFO: [ view_filter ] --START--
INFO: Run Behavior\WriteHtmlCacheBehavior [ RunTime:0.014000s ]
INFO: [ view_filter ] --END-- [ RunTime:0.014000s ]
INFO: [ app_end ] --START--
INFO: Run Behavior\ShowPageTraceBehavior [ RunTime:0.001000s ]
INFO: [ app_end ] --END-- [ RunTime:0.001000s ]

[ 2018-01-13T15:03:00+08:00 ] 127.0.0.1 /index.php/Admin/Test/test6.html
INFO: [ app_init ] --START--
INFO: Run Behavior\BuildLiteBehavior [ RunTime:0.000000s ]
INFO: [ app_init ] --END-- [ RunTime:0.000000s ]
INFO: [ app_begin ] --START--
INFO: Run Behavior\ReadHtmlCacheBehavior [ RunTime:0.000000s ]
INFO: [ app_begin ] --END-- [ RunTime:0.001000s ]
INFO: [ view_parse ] --START--
INFO: [ template_filter ] --START--
INFO: Run Behavior\ContentReplaceBehavior [ RunTime:0.000000s ]
INFO: [ template_filter ] --END-- [ RunTime:0.000000s ]
INFO: Run Behavior\ParseTemplateBehavior [ RunTime:0.013001s ]
INFO: [ view_parse ] --END-- [ RunTime:0.013001s ]
INFO: [ view_filter ] --START--
INFO: Run Behavior\WriteHtmlCacheBehavior [ RunTime:0.001000s ]
INFO: [ view_filter ] --END-- [ RunTime:0.001000s ]
INFO: [ app_end ] --START--
INFO: Run Behavior\ShowPageTraceBehavior [ RunTime:0.000000s ]
INFO: [ app_end ] --END-- [ RunTime:0.000000s ]

[ 2018-01-13T16:24:21+08:00 ] 127.0.0.1 /Admin/Dept/sl
INFO: [ app_init ] --START--
INFO: Run Behavior\BuildLiteBehavior [ RunTime:0.000000s ]
INFO: [ app_init ] --END-- [ RunTime:0.001000s ]
INFO: [ app_begin ] --START--
INFO: Run Behavior\ReadHtmlCacheBehavior [ RunTime:0.000000s ]
INFO: [ app_begin ] --END-- [ RunTime:0.001000s ]
ERR: syntax error, unexpected 'var_dump' (T_STRING)

[ 2018-01-13T16:24:44+08:00 ] 127.0.0.1 /Admin/Dept/sl
INFO: [ app_init ] --START--
INFO: Run Behavior\BuildLiteBehavior [ RunTime:0.000000s ]
INFO: [ app_init ] --END-- [ RunTime:0.000000s ]
INFO: [ app_begin ] --START--
INFO: Run Behavior\ReadHtmlCacheBehavior [ RunTime:0.001000s ]
INFO: [ app_begin ] --END-- [ RunTime:0.001000s ]
ERR: syntax error, unexpected 'dump' (T_STRING)

[ 2018-01-13T16:25:01+08:00 ] 127.0.0.1 /Admin/Dept/sl
INFO: [ app_init ] --START--
INFO: Run Behavior\BuildLiteBehavior [ RunTime:0.000000s ]
INFO: [ app_init ] --END-- [ RunTime:0.000000s ]
INFO: [ app_begin ] --START--
INFO: Run Behavior\ReadHtmlCacheBehavior [ RunTime:0.000000s ]
INFO: [ app_begin ] --END-- [ RunTime:0.000000s ]
ERR: Class 'Admin\Model\DdptModel' not found

[ 2018-01-13T16:25:17+08:00 ] 127.0.0.1 /Admin/Dept/sl
INFO: [ app_init ] --START--
INFO: Run Behavior\BuildLiteBehavior [ RunTime:0.000000s ]
INFO: [ app_init ] --END-- [ RunTime:0.001000s ]
INFO: [ app_begin ] --START--
INFO: Run Behavior\ReadHtmlCacheBehavior [ RunTime:0.000000s ]
INFO: [ app_begin ] --END-- [ RunTime:0.000000s ]
ERR: Class 'Admin\Model\DeptModel' not found

[ 2018-01-13T16:26:25+08:00 ] 127.0.0.1 /Admin/Dept/sl
INFO: [ app_init ] --START--
INFO: Run Behavior\BuildLiteBehavior [ RunTime:0.000000s ]
INFO: [ app_init ] --END-- [ RunTime:0.001000s ]
INFO: [ app_begin ] --START--
INFO: Run Behavior\ReadHtmlCacheBehavior [ RunTime:0.000000s ]
INFO: [ app_begin ] --END-- [ RunTime:0.000000s ]
INFO: [ app_end ] --START--
INFO: Run Behavior\ShowPageTraceBehavior [ RunTime:0.001000s ]
INFO: [ app_end ] --END-- [ RunTime:0.001000s ]

[ 2018-01-13T16:35:18+08:00 ] 127.0.0.1 /Admin/Dept/sl
INFO: [ app_init ] --START--
INFO: Run Behavior\BuildLiteBehavior [ RunTime:0.000000s ]
INFO: [ app_init ] --END-- [ RunTime:0.000000s ]
INFO: [ app_begin ] --START--
INFO: Run Behavior\ReadHtmlCacheBehavior [ RunTime:0.001000s ]
INFO: [ app_begin ] --END-- [ RunTime:0.001000s ]
NOTIC: [8] Array to string conversion F:\www\thz\ThinkPHP\Common\functions.php 第 584 行.
NOTIC: [2] strpos() expects parameter 1 to be string, array given F:\www\thz\ThinkPHP\Common\functions.php 第 634 行.
NOTIC: [2] strpos() expects parameter 1 to be string, array given F:\www\thz\ThinkPHP\Common\functions.php 第 639 行.
NOTIC: [2] explode() expects parameter 2 to be string, array given F:\www\thz\ThinkPHP\Common\functions.php 第 644 行.
NOTIC: [2] Invalid argument supplied for foreach() F:\www\thz\ThinkPHP\Common\functions.php 第 650 行.
NOTIC: [2] strpos() expects parameter 1 to be string, array given F:\www\thz\ThinkPHP\Common\functions.php 第 589 行.
NOTIC: D方法实例化没找到模型类Admin\ModelModel
NOTIC: [2] basename() expects parameter 1 to be string, array given F:\www\thz\ThinkPHP\Common\functions.php 第 599 行.
NOTIC: [8] Array to string conversion F:\www\thz\ThinkPHP\Common\functions.php 第 601 行.
INFO: [ app_end ] --START--
INFO: Run Behavior\ShowPageTraceBehavior [ RunTime:0.001000s ]
INFO: [ app_end ] --END-- [ RunTime:0.001000s ]

[ 2018-01-13T16:35:55+08:00 ] 127.0.0.1 /Admin/Dept/sl
INFO: [ app_init ] --START--
INFO: Run Behavior\BuildLiteBehavior [ RunTime:0.000000s ]
INFO: [ app_init ] --END-- [ RunTime:0.001000s ]
INFO: [ app_begin ] --START--
INFO: Run Behavior\ReadHtmlCacheBehavior [ RunTime:0.000000s ]
INFO: [ app_begin ] --END-- [ RunTime:0.000000s ]
NOTIC: [8] Array to string conversion F:\www\thz\ThinkPHP\Common\functions.php 第 584 行.
NOTIC: [2] strpos() expects parameter 1 to be string, array given F:\www\thz\ThinkPHP\Common\functions.php 第 634 行.
NOTIC: [2] strpos() expects parameter 1 to be string, array given F:\www\thz\ThinkPHP\Common\functions.php 第 639 行.
NOTIC: [2] explode() expects parameter 2 to be string, array given F:\www\thz\ThinkPHP\Common\functions.php 第 644 行.
NOTIC: [2] Invalid argument supplied for foreach() F:\www\thz\ThinkPHP\Common\functions.php 第 650 行.
NOTIC: [2] strpos() expects parameter 1 to be string, array given F:\www\thz\ThinkPHP\Common\functions.php 第 589 行.
NOTIC: D方法实例化没找到模型类Admin\ModelModel
NOTIC: [2] basename() expects parameter 1 to be string, array given F:\www\thz\ThinkPHP\Common\functions.php 第 599 行.
NOTIC: [8] Array to string conversion F:\www\thz\ThinkPHP\Common\functions.php 第 601 行.
INFO: [ app_end ] --START--
INFO: Run Behavior\ShowPageTraceBehavior [ RunTime:0.000000s ]
INFO: [ app_end ] --END-- [ RunTime:0.000000s ]

[ 2018-01-13T16:36:08+08:00 ] 127.0.0.1 /Admin/Dept/sl
INFO: [ app_init ] --START--
INFO: Run Behavior\BuildLiteBehavior [ RunTime:0.000000s ]
INFO: [ app_init ] --END-- [ RunTime:0.001000s ]
INFO: [ app_begin ] --START--
INFO: Run Behavior\ReadHtmlCacheBehavior [ RunTime:0.001000s ]
INFO: [ app_begin ] --END-- [ RunTime:0.001000s ]
NOTIC: [8] Array to string conversion F:\www\thz\ThinkPHP\Common\functions.php 第 584 行.
NOTIC: [2] strpos() expects parameter 1 to be string, array given F:\www\thz\ThinkPHP\Common\functions.php 第 634 行.
NOTIC: [2] strpos() expects parameter 1 to be string, array given F:\www\thz\ThinkPHP\Common\functions.php 第 639 行.
NOTIC: [2] explode() expects parameter 2 to be string, array given F:\www\thz\ThinkPHP\Common\functions.php 第 644 行.
NOTIC: [2] Invalid argument supplied for foreach() F:\www\thz\ThinkPHP\Common\functions.php 第 650 行.
NOTIC: [2] strpos() expects parameter 1 to be string, array given F:\www\thz\ThinkPHP\Common\functions.php 第 589 行.
NOTIC: D方法实例化没找到模型类Admin\ModelModel
NOTIC: [2] basename() expects parameter 1 to be string, array given F:\www\thz\ThinkPHP\Common\functions.php 第 599 行.
NOTIC: [8] Array to string conversion F:\www\thz\ThinkPHP\Common\functions.php 第 601 行.
INFO: [ app_end ] --START--
INFO: Run Behavior\ShowPageTraceBehavior [ RunTime:0.000000s ]
INFO: [ app_end ] --END-- [ RunTime:0.000000s ]

[ 2018-01-13T16:36:12+08:00 ] 127.0.0.1 /Admin/Dept/s
INFO: [ app_init ] --START--
INFO: Run Behavior\BuildLiteBehavior [ RunTime:0.000000s ]
INFO: [ app_init ] --END-- [ RunTime:0.001000s ]
INFO: [ app_begin ] --START--
INFO: Run Behavior\ReadHtmlCacheBehavior [ RunTime:0.000000s ]
INFO: [ app_begin ] --END-- [ RunTime:0.000000s ]
ERR: 非法操作:s

[ 2018-01-13T16:36:15+08:00 ] 127.0.0.1 /Admin/Dept/sl
INFO: [ app_init ] --START--
INFO: Run Behavior\BuildLiteBehavior [ RunTime:0.000000s ]
INFO: [ app_init ] --END-- [ RunTime:0.001000s ]
INFO: [ app_begin ] --START--
INFO: Run Behavior\ReadHtmlCacheBehavior [ RunTime:0.001000s ]
INFO: [ app_begin ] --END-- [ RunTime:0.001000s ]
NOTIC: [8] Array to string conversion F:\www\thz\ThinkPHP\Common\functions.php 第 584 行.
NOTIC: [2] strpos() expects parameter 1 to be string, array given F:\www\thz\ThinkPHP\Common\functions.php 第 634 行.
NOTIC: [2] strpos() expects parameter 1 to be string, array given F:\www\thz\ThinkPHP\Common\functions.php 第 639 行.
NOTIC: [2] explode() expects parameter 2 to be string, array given F:\www\thz\ThinkPHP\Common\functions.php 第 644 行.
NOTIC: [2] Invalid argument supplied for foreach() F:\www\thz\ThinkPHP\Common\functions.php 第 650 行.
NOTIC: [2] strpos() expects parameter 1 to be string, array given F:\www\thz\ThinkPHP\Common\functions.php 第 589 行.
NOTIC: D方法实例化没找到模型类Admin\ModelModel
NOTIC: [2] basename() expects parameter 1 to be string, array given F:\www\thz\ThinkPHP\Common\functions.php 第 599 行.
NOTIC: [8] Array to string conversion F:\www\thz\ThinkPHP\Common\functions.php 第 601 行.
INFO: [ app_end ] --START--
INFO: Run Behavior\ShowPageTraceBehavior [ RunTime:0.000000s ]
INFO: [ app_end ] --END-- [ RunTime:0.000000s ]

[ 2018-01-13T16:59:35+08:00 ] 127.0.0.1 /Admin/Dept/tj
INFO: [ app_init ] --START--
INFO: Run Behavior\BuildLiteBehavior [ RunTime:0.000000s ]
INFO: [ app_init ] --END-- [ RunTime:0.000000s ]
INFO: [ app_begin ] --START--
INFO: Run Behavior\ReadHtmlCacheBehavior [ RunTime:0.000000s ]
INFO: [ app_begin ] --END-- [ RunTime:0.000000s ]
SQL: SHOW COLUMNS FROM `sp_dept` [ RunTime:0.0100s ]
NOTIC: [8] Undefined variable: model F:\www\thz\Application\Admin\Controller\DeptController.class.php 第 35 行.
ERR: Call to a member function add() on null

[ 2018-01-13T17:02:26+08:00 ] 127.0.0.1 /Admin/Dept/tj
INFO: [ app_init ] --START--
INFO: Run Behavior\BuildLiteBehavior [ RunTime:0.000000s ]
INFO: [ app_init ] --END-- [ RunTime:0.000000s ]
INFO: [ app_begin ] --START--
INFO: Run Behavior\ReadHtmlCacheBehavior [ RunTime:0.000000s ]
INFO: [ app_begin ] --END-- [ RunTime:0.000000s ]
SQL: SHOW COLUMNS FROM `sp_dept` [ RunTime:0.0020s ]
NOTIC: [8] Undefined variable: model F:\www\thz\Application\Admin\Controller\DeptController.class.php 第 36 行.
ERR: Call to a member function add() on null

[ 2018-01-13T17:03:02+08:00 ] 127.0.0.1 /Admin/Dept/tj
INFO: [ app_init ] --START--
INFO: Run Behavior\BuildLiteBehavior [ RunTime:0.000000s ]
INFO: [ app_init ] --END-- [ RunTime:0.001000s ]
INFO: [ app_begin ] --START--
INFO: Run Behavior\ReadHtmlCacheBehavior [ RunTime:0.000000s ]
INFO: [ app_begin ] --END-- [ RunTime:0.000000s ]
SQL: SHOW COLUMNS FROM `sp_dept` [ RunTime:0.0020s ]
SQL: INSERT INTO `sp_dept` (`name`,`pid`,`sort`,`remark`) VALUES ('人事部','0','1','顶级部门gogogo') [ RunTime:0.1300s ]
INFO: [ app_end ] --START--
INFO: Run Behavior\ShowPageTraceBehavior [ RunTime:0.002000s ]
INFO: [ app_end ] --END-- [ RunTime:0.002000s ]

[ 2018-01-13T18:07:02+08:00 ] 127.0.0.1 /Admin/Dept/sl
INFO: [ app_init ] --START--
INFO: Run Behavior\BuildLiteBehavior [ RunTime:0.000000s ]
INFO: [ app_init ] --END-- [ RunTime:0.000000s ]
INFO: [ app_begin ] --START--
INFO: Run Behavior\ReadHtmlCacheBehavior [ RunTime:0.000000s ]
INFO: [ app_begin ] --END-- [ RunTime:0.000000s ]
NOTIC: [8] Array to string conversion F:\www\thz\ThinkPHP\Common\functions.php 第 584 行.
NOTIC: [2] strpos() expects parameter 1 to be string, array given F:\www\thz\ThinkPHP\Common\functions.php 第 634 行.
NOTIC: [2] strpos() expects parameter 1 to be string, array given F:\www\thz\ThinkPHP\Common\functions.php 第 639 行.
NOTIC: [2] explode() expects parameter 2 to be string, array given F:\www\thz\ThinkPHP\Common\functions.php 第 644 行.
NOTIC: [2] Invalid argument supplied for foreach() F:\www\thz\ThinkPHP\Common\functions.php 第 650 行.
NOTIC: [2] strpos() expects parameter 1 to be string, array given F:\www\thz\ThinkPHP\Common\functions.php 第 589 行.
NOTIC: D方法实例化没找到模型类Admin\ModelModel
NOTIC: [2] basename() expects parameter 1 to be string, array given F:\www\thz\ThinkPHP\Common\functions.php 第 599 行.
NOTIC: [8] Array to string conversion F:\www\thz\ThinkPHP\Common\functions.php 第 601 行.
INFO: [ app_end ] --START--
INFO: Run Behavior\ShowPageTraceBehavior [ RunTime:0.000000s ]
INFO: [ app_end ] --END-- [ RunTime:0.000000s ]

[ 2018-01-13T18:07:05+08:00 ] 127.0.0.1 /Admin/Dept/tj
INFO: [ app_init ] --START--
INFO: Run Behavior\BuildLiteBehavior [ RunTime:0.000000s ]
INFO: [ app_init ] --END-- [ RunTime:0.000000s ]
INFO: [ app_begin ] --START--
INFO: Run Behavior\ReadHtmlCacheBehavior [ RunTime:0.000000s ]
INFO: [ app_begin ] --END-- [ RunTime:0.000000s ]
SQL: SHOW COLUMNS FROM `sp_dept` [ RunTime:0.0020s ]
SQL: INSERT INTO `sp_dept` (`name`,`pid`,`sort`,`remark`) VALUES ('财务部','0','1','有钱部门come') [ RunTime:0.0960s ]
INFO: [ app_end ] --START--
INFO: Run Behavior\ShowPageTraceBehavior [ RunTime:0.001000s ]
INFO: [ app_end ] --END-- [ RunTime:0.001000s ]

[ 2018-01-13T18:08:42+08:00 ] 127.0.0.1 /Admin/Dept/xg
INFO: [ app_init ] --START--
INFO: Run Behavior\BuildLiteBehavior [ RunTime:0.000000s ]
INFO: [ app_init ] --END-- [ RunTime:0.001000s ]
INFO: [ app_begin ] --START--
INFO: Run Behavior\ReadHtmlCacheBehavior [ RunTime:0.001000s ]
INFO: [ app_begin ] --END-- [ RunTime:0.001000s ]
ERR: syntax error, unexpected ''name'' (T_CONSTANT_ENCAPSED_STRING), expecting ')'

[ 2018-01-13T18:08:56+08:00 ] 127.0.0.1 /Admin/Dept/xg
INFO: [ app_init ] --START--
INFO: Run Behavior\BuildLiteBehavior [ RunTime:0.000000s ]
INFO: [ app_init ] --END-- [ RunTime:0.001000s ]
INFO: [ app_begin ] --START--
INFO: Run Behavior\ReadHtmlCacheBehavior [ RunTime:0.001000s ]
INFO: [ app_begin ] --END-- [ RunTime:0.001000s ]
SQL: SHOW COLUMNS FROM `sp_dept` [ RunTime:0.0030s ]
SQL: UPDATE `sp_dept` SET `name`='财务部',`pid`='0',`sort`='10',`remark`='有钱部门come' WHERE `id` = 0 [ RunTime:0.0980s ]
INFO: [ app_end ] --START--
INFO: Run Behavior\ShowPageTraceBehavior [ RunTime:0.002000s ]
INFO: [ app_end ] --END-- [ RunTime:0.002000s ]

[ 2018-01-13T18:15:06+08:00 ] 127.0.0.1 /Admin/Dept/cx
INFO: [ app_init ] --START--
INFO: Run Behavior\BuildLiteBehavior [ RunTime:0.000000s ]
INFO: [ app_init ] --END-- [ RunTime:0.000000s ]
INFO: [ app_begin ] --START--
INFO: Run Behavior\ReadHtmlCacheBehavior [ RunTime:0.001000s ]
INFO: [ app_begin ] --END-- [ RunTime:0.001000s ]
SQL: SHOW COLUMNS FROM `sp_dept` [ RunTime:0.0020s ]
SQL: SELECT * FROM `sp_dept` LIMIT 1   [ RunTime:0.0010s ]
INFO: [ app_end ] --START--
INFO: Run Behavior\ShowPageTraceBehavior [ RunTime:0.000000s ]
INFO: [ app_end ] --END-- [ RunTime:0.000000s ]

[ 2018-01-13T18:15:41+08:00 ] 127.0.0.1 /Admin/Dept/cx
INFO: [ app_init ] --START--
INFO: Run Behavior\BuildLiteBehavior [ RunTime:0.000000s ]
INFO: [ app_init ] --END-- [ RunTime:0.001000s ]
INFO: [ app_begin ] --START--
INFO: Run Behavior\ReadHtmlCacheBehavior [ RunTime:0.000000s ]
INFO: [ app_begin ] --END-- [ RunTime:0.000000s ]
SQL: SHOW COLUMNS FROM `sp_dept` [ RunTime:0.0020s ]
SQL: SELECT * FROM `sp_dept` LIMIT 1   [ RunTime:0.0010s ]
INFO: [ app_end ] --START--
INFO: Run Behavior\ShowPageTraceBehavior [ RunTime:0.000000s ]
INFO: [ app_end ] --END-- [ RunTime:0.000000s ]

[ 2018-01-13T18:16:20+08:00 ] 127.0.0.1 /Admin/Dept/cx
INFO: [ app_init ] --START--
INFO: Run Behavior\BuildLiteBehavior [ RunTime:0.000000s ]
INFO: [ app_init ] --END-- [ RunTime:0.000000s ]
INFO: [ app_begin ] --START--
INFO: Run Behavior\ReadHtmlCacheBehavior [ RunTime:0.000000s ]
INFO: [ app_begin ] --END-- [ RunTime:0.000000s ]
SQL: SHOW COLUMNS FROM `sp_dept` [ RunTime:0.0030s ]
SQL: SELECT * FROM `sp_dept` WHERE `id` = 1 LIMIT 1   [ RunTime:0.0010s ]
INFO: [ app_end ] --START--
INFO: Run Behavior\ShowPageTraceBehavior [ RunTime:0.000000s ]
INFO: [ app_end ] --END-- [ RunTime:0.000000s ]

[ 2018-01-13T18:23:13+08:00 ] 127.0.0.1 /Admin/Dept/cx
INFO: [ app_init ] --START--
INFO: Run Behavior\BuildLiteBehavior [ RunTime:0.000000s ]
INFO: [ app_init ] --END-- [ RunTime:0.000000s ]
INFO: [ app_begin ] --START--
INFO: Run Behavior\ReadHtmlCacheBehavior [ RunTime:0.000000s ]
INFO: [ app_begin ] --END-- [ RunTime:0.000000s ]
ERR: syntax error, unexpected '<'

[ 2018-01-13T18:23:34+08:00 ] 127.0.0.1 /Admin/Dept/cx
INFO: [ app_init ] --START--
INFO: Run Behavior\BuildLiteBehavior [ RunTime:0.000000s ]
INFO: [ app_init ] --END-- [ RunTime:0.000000s ]
INFO: [ app_begin ] --START--
INFO: Run Behavior\ReadHtmlCacheBehavior [ RunTime:0.001000s ]
INFO: [ app_begin ] --END-- [ RunTime:0.001000s ]
SQL: SHOW COLUMNS FROM `sp_dept` [ RunTime:0.0030s ]
NOTIC: [8] Use of undefined constant name - assumed 'name' F:\www\thz\Application\Admin\Controller\DeptController.class.php 第 65 行.
SQL: SELECT * FROM `sp_dept` WHERE `id` = 0  [ RunTime:0.0010s ]
SQL: SELECT * FROM `sp_dept` WHERE `id` = 1 LIMIT 1   [ RunTime:0.0000s ]
INFO: [ app_end ] --START--
INFO: Run Behavior\ShowPageTraceBehavior [ RunTime:0.000000s ]
INFO: [ app_end ] --END-- [ RunTime:0.000000s ]

[ 2018-01-13T18:24:14+08:00 ] 127.0.0.1 /Admin/Dept/cx
INFO: [ app_init ] --START--
INFO: Run Behavior\BuildLiteBehavior [ RunTime:0.000000s ]
INFO: [ app_init ] --END-- [ RunTime:0.001000s ]
INFO: [ app_begin ] --START--
INFO: Run Behavior\ReadHtmlCacheBehavior [ RunTime:0.001000s ]
INFO: [ app_begin ] --END-- [ RunTime:0.001000s ]
SQL: SHOW COLUMNS FROM `sp_dept` [ RunTime:0.0030s ]
SQL: SELECT * FROM `sp_dept` WHERE `id` = 0  [ RunTime:0.0010s ]
SQL: SELECT * FROM `sp_dept` WHERE `id` = 1 LIMIT 1   [ RunTime:0.0010s ]
INFO: [ app_end ] --START--
INFO: Run Behavior\ShowPageTraceBehavior [ RunTime:0.000000s ]
INFO: [ app_end ] --END-- [ RunTime:0.000000s ]

[ 2018-01-13T18:24:15+08:00 ] 127.0.0.1 /Admin/Dept/cx
INFO: [ app_init ] --START--
INFO: Run Behavior\BuildLiteBehavior [ RunTime:0.000000s ]
INFO: [ app_init ] --END-- [ RunTime:0.001000s ]
INFO: [ app_begin ] --START--
INFO: Run Behavior\ReadHtmlCacheBehavior [ RunTime:0.001000s ]
INFO: [ app_begin ] --END-- [ RunTime:0.001000s ]
SQL: SHOW COLUMNS FROM `sp_dept` [ RunTime:0.0030s ]
SQL: SELECT * FROM `sp_dept` WHERE `id` = 0  [ RunTime:0.0010s ]
SQL: SELECT * FROM `sp_dept` WHERE `id` = 1 LIMIT 1   [ RunTime:0.0010s ]
INFO: [ app_end ] --START--
INFO: Run Behavior\ShowPageTraceBehavior [ RunTime:0.000000s ]
INFO: [ app_end ] --END-- [ RunTime:0.000000s ]

[ 2018-01-13T18:24:15+08:00 ] 127.0.0.1 /Admin/Dept/cx
INFO: [ app_init ] --START--
INFO: Run Behavior\BuildLiteBehavior [ RunTime:0.000000s ]
INFO: [ app_init ] --END-- [ RunTime:0.000000s ]
INFO: [ app_begin ] --START--
INFO: Run Behavior\ReadHtmlCacheBehavior [ RunTime:0.001000s ]
INFO: [ app_begin ] --END-- [ RunTime:0.001000s ]
SQL: SHOW COLUMNS FROM `sp_dept` [ RunTime:0.0020s ]
SQL: SELECT * FROM `sp_dept` WHERE `id` = 0  [ RunTime:0.0010s ]
SQL: SELECT * FROM `sp_dept` WHERE `id` = 1 LIMIT 1   [ RunTime:0.0010s ]
INFO: [ app_end ] --START--
INFO: Run Behavior\ShowPageTraceBehavior [ RunTime:0.000000s ]
INFO: [ app_end ] --END-- [ RunTime:0.000000s ]

[ 2018-01-13T18:24:16+08:00 ] 127.0.0.1 /Admin/Dept/cx
INFO: [ app_init ] --START--
INFO: Run Behavior\BuildLiteBehavior [ RunTime:0.000000s ]
INFO: [ app_init ] --END-- [ RunTime:0.001000s ]
INFO: [ app_begin ] --START--
INFO: Run Behavior\ReadHtmlCacheBehavior [ RunTime:0.000000s ]
INFO: [ app_begin ] --END-- [ RunTime:0.000000s ]
SQL: SHOW COLUMNS FROM `sp_dept` [ RunTime:0.0020s ]
SQL: SELECT * FROM `sp_dept` WHERE `id` = 0  [ RunTime:0.0010s ]
SQL: SELECT * FROM `sp_dept` WHERE `id` = 1 LIMIT 1   [ RunTime:0.0000s ]
INFO: [ app_end ] --START--
INFO: Run Behavior\ShowPageTraceBehavior [ RunTime:0.000000s ]
INFO: [ app_end ] --END-- [ RunTime:0.000000s ]

[ 2018-01-13T18:24:16+08:00 ] 127.0.0.1 /Admin/Dept/cx
INFO: [ app_init ] --START--
INFO: Run Behavior\BuildLiteBehavior [ RunTime:0.000000s ]
INFO: [ app_init ] --END-- [ RunTime:0.000000s ]
INFO: [ app_begin ] --START--
INFO: Run Behavior\ReadHtmlCacheBehavior [ RunTime:0.001000s ]
INFO: [ app_begin ] --END-- [ RunTime:0.001000s ]
SQL: SHOW COLUMNS FROM `sp_dept` [ RunTime:0.0010s ]
SQL: SELECT * FROM `sp_dept` WHERE `id` = 0  [ RunTime:0.0010s ]
SQL: SELECT * FROM `sp_dept` WHERE `id` = 1 LIMIT 1   [ RunTime:0.0000s ]
INFO: [ app_end ] --START--
INFO: Run Behavior\ShowPageTraceBehavior [ RunTime:0.001000s ]
INFO: [ app_end ] --END-- [ RunTime:0.001000s ]

[ 2018-01-13T18:24:16+08:00 ] 127.0.0.1 /Admin/Dept/cx
INFO: [ app_init ] --START--
INFO: Run Behavior\BuildLiteBehavior [ RunTime:0.000000s ]
INFO: [ app_init ] --END-- [ RunTime:0.000000s ]
INFO: [ app_begin ] --START--
INFO: Run Behavior\ReadHtmlCacheBehavior [ RunTime:0.000000s ]
INFO: [ app_begin ] --END-- [ RunTime:0.000000s ]
SQL: SHOW COLUMNS FROM `sp_dept` [ RunTime:0.0020s ]
SQL: SELECT * FROM `sp_dept` WHERE `id` = 0  [ RunTime:0.0010s ]
SQL: SELECT * FROM `sp_dept` WHERE `id` = 1 LIMIT 1   [ RunTime:0.0000s ]
INFO: [ app_end ] --START--
INFO: Run Behavior\ShowPageTraceBehavior [ RunTime:0.001000s ]
INFO: [ app_end ] --END-- [ RunTime:0.001000s ]

[ 2018-01-13T18:24:16+08:00 ] 127.0.0.1 /Admin/Dept/cx
INFO: [ app_init ] --START--
INFO: Run Behavior\BuildLiteBehavior [ RunTime:0.000000s ]
INFO: [ app_init ] --END-- [ RunTime:0.000000s ]
INFO: [ app_begin ] --START--
INFO: Run Behavior\ReadHtmlCacheBehavior [ RunTime:0.000000s ]
INFO: [ app_begin ] --END-- [ RunTime:0.000000s ]
SQL: SHOW COLUMNS FROM `sp_dept` [ RunTime:0.0020s ]
SQL: SELECT * FROM `sp_dept` WHERE `id` = 0  [ RunTime:0.0000s ]
SQL: SELECT * FROM `sp_dept` WHERE `id` = 1 LIMIT 1   [ RunTime:0.0010s ]
INFO: [ app_end ] --START--
INFO: Run Behavior\ShowPageTraceBehavior [ RunTime:0.000000s ]
INFO: [ app_end ] --END-- [ RunTime:0.000000s ]

[ 2018-01-13T18:24:34+08:00 ] 127.0.0.1 /Admin/Dept/cx
INFO: [ app_init ] --START--
INFO: Run Behavior\BuildLiteBehavior [ RunTime:0.000000s ]
INFO: [ app_init ] --END-- [ RunTime:0.001000s ]
INFO: [ app_begin ] --START--
INFO: Run Behavior\ReadHtmlCacheBehavior [ RunTime:0.001000s ]
INFO: [ app_begin ] --END-- [ RunTime:0.001000s ]
SQL: SHOW COLUMNS FROM `sp_dept` [ RunTime:0.0030s ]
SQL: SELECT * FROM `sp_dept` WHERE `id` = 1  [ RunTime:0.0000s ]
SQL: SELECT * FROM `sp_dept` WHERE `id` = 1 LIMIT 1   [ RunTime:0.0010s ]
INFO: [ app_end ] --START--
INFO: Run Behavior\ShowPageTraceBehavior [ RunTime:0.000000s ]
INFO: [ app_end ] --END-- [ RunTime:0.001000s ]

[ 2018-01-13T18:25:11+08:00 ] 127.0.0.1 /Admin/Dept/cx
INFO: [ app_init ] --START--
INFO: Run Behavior\BuildLiteBehavior [ RunTime:0.000000s ]
INFO: [ app_init ] --END-- [ RunTime:0.001000s ]
INFO: [ app_begin ] --START--
INFO: Run Behavior\ReadHtmlCacheBehavior [ RunTime:0.001000s ]
INFO: [ app_begin ] --END-- [ RunTime:0.001000s ]
SQL: SHOW COLUMNS FROM `sp_dept` [ RunTime:0.0030s ]
SQL: SELECT * FROM `sp_dept` WHERE `id` = 1  [ RunTime:0.0010s ]
SQL: SELECT * FROM `sp_dept` WHERE `id` = 1 LIMIT 1   [ RunTime:0.0000s ]
INFO: [ app_end ] --START--
INFO: Run Behavior\ShowPageTraceBehavior [ RunTime:0.000000s ]
INFO: [ app_end ] --END-- [ RunTime:0.000000s ]

[ 2018-01-13T18:25:13+08:00 ] 127.0.0.1 /Admin/Dept/cx
INFO: [ app_init ] --START--
INFO: Run Behavior\BuildLiteBehavior [ RunTime:0.000000s ]
INFO: [ app_init ] --END-- [ RunTime:0.000000s ]
INFO: [ app_begin ] --START--
INFO: Run Behavior\ReadHtmlCacheBehavior [ RunTime:0.000000s ]
INFO: [ app_begin ] --END-- [ RunTime:0.000000s ]
SQL: SHOW COLUMNS FROM `sp_dept` [ RunTime:0.0030s ]
SQL: SELECT * FROM `sp_dept` WHERE `id` = 1  [ RunTime:0.0000s ]
SQL: SELECT * FROM `sp_dept` WHERE `id` = 1 LIMIT 1   [ RunTime:0.0010s ]
INFO: [ app_end ] --START--
INFO: Run Behavior\ShowPageTraceBehavior [ RunTime:0.000000s ]
INFO: [ app_end ] --END-- [ RunTime:0.000000s ]

[ 2018-01-13T18:25:18+08:00 ] 127.0.0.1 /Admin/Dept/cx
INFO: [ app_init ] --START--
INFO: Run Behavior\BuildLiteBehavior [ RunTime:0.000000s ]
INFO: [ app_init ] --END-- [ RunTime:0.001000s ]
INFO: [ app_begin ] --START--
INFO: Run Behavior\ReadHtmlCacheBehavior [ RunTime:0.001000s ]
INFO: [ app_begin ] --END-- [ RunTime:0.001000s ]
SQL: SHOW COLUMNS FROM `sp_dept` [ RunTime:0.0020s ]
SQL: SELECT * FROM `sp_dept` WHERE `id` = 1  [ RunTime:0.0000s ]
SQL: SELECT * FROM `sp_dept` WHERE `id` = 1 LIMIT 1   [ RunTime:0.0010s ]
INFO: [ app_end ] --START--
INFO: Run Behavior\ShowPageTraceBehavior [ RunTime:0.000000s ]
INFO: [ app_end ] --END-- [ RunTime:0.000000s ]

[ 2018-01-13T18:25:51+08:00 ] 127.0.0.1 /Admin/Dept/cx
INFO: [ app_init ] --START--
INFO: Run Behavior\BuildLiteBehavior [ RunTime:0.000000s ]
INFO: [ app_init ] --END-- [ RunTime:0.001000s ]
INFO: [ app_begin ] --START--
INFO: Run Behavior\ReadHtmlCacheBehavior [ RunTime:0.001000s ]
INFO: [ app_begin ] --END-- [ RunTime:0.001000s ]
SQL: SHOW COLUMNS FROM `sp_dept` [ RunTime:0.0030s ]
SQL: SELECT * FROM `sp_dept` WHERE `id` = 1  [ RunTime:0.0010s ]
SQL: SELECT * FROM `sp_dept` WHERE `id` = 1 LIMIT 1   [ RunTime:0.0000s ]
INFO: [ app_end ] --START--
INFO: Run Behavior\ShowPageTraceBehavior [ RunTime:0.001000s ]
INFO: [ app_end ] --END-- [ RunTime:0.001000s ]

[ 2018-01-13T18:25:53+08:00 ] 127.0.0.1 /Admin/Dept/cx
INFO: [ app_init ] --START--
INFO: Run Behavior\BuildLiteBehavior [ RunTime:0.000000s ]
INFO: [ app_init ] --END-- [ RunTime:0.000000s ]
INFO: [ app_begin ] --START--
INFO: Run Behavior\ReadHtmlCacheBehavior [ RunTime:0.001000s ]
INFO: [ app_begin ] --END-- [ RunTime:0.001000s ]
SQL: SHOW COLUMNS FROM `sp_dept` [ RunTime:0.0010s ]
SQL: SELECT * FROM `sp_dept` WHERE `id` = 1  [ RunTime:0.0010s ]
SQL: SELECT * FROM `sp_dept` WHERE `id` = 1 LIMIT 1   [ RunTime:0.0000s ]
INFO: [ app_end ] --START--
INFO: Run Behavior\ShowPageTraceBehavior [ RunTime:0.000000s ]
INFO: [ app_end ] --END-- [ RunTime:0.000000s ]

[ 2018-01-13T19:16:04+08:00 ] 127.0.0.1 /index.php/admin/Test/test2
ERR: syntax error, unexpected '<'

[ 2018-01-13T19:16:41+08:00 ] 127.0.0.1 /index.php/admin/Test/test2
ERR: syntax error, unexpected '<'

[ 2018-01-13T19:16:41+08:00 ] 127.0.0.1 /index.php/admin/Test/test2
ERR: syntax error, unexpected '<'

[ 2018-01-13T19:16:42+08:00 ] 127.0.0.1 /index.php/admin/Test/test2
ERR: syntax error, unexpected '<'

[ 2018-01-13T19:17:13+08:00 ] 127.0.0.1 /index.php/admin/Test/test2
ERR: syntax error, unexpected '<'

[ 2018-01-13T19:19:15+08:00 ] 127.0.0.1 /index.php/admin/Test/test7
ERR: syntax error, unexpected '<'

[ 2018-01-13T19:19:26+08:00 ] 127.0.0.1 /index.php/admin/Test/test7
ERR: syntax error, unexpected '<'

[ 2018-01-13T19:19:27+08:00 ] 127.0.0.1 /index.php/admin/Test/test7
ERR: syntax error, unexpected '<'

[ 2018-01-13T19:19:28+08:00 ] 127.0.0.1 /index.php/admin/Test/test7
ERR: syntax error, unexpected '<'

